<?xml version="1.0" encoding="UTF-8"?>
<!-- Generated by org.testng.reporters.JUnitReportReporter -->
<testsuite hostname="DESKTOP-TM69N9T" name="com.TestNGAnnotaions.Annotations1" tests="3" failures="0" timestamp="9 Feb 2018 01:07:12 GMT" time="0.020" errors="0">
  <testcase name="InBox" time="0.003" classname="com.TestNGAnnotaions.Annotations1"/>
  <testcase name="LogIN" time="0.003" classname="com.TestNGAnnotaions.Annotations1"/>
  <testcase name="BrowserLaunch" time="0.014" classname="com.TestNGAnnotaions.Annotations1"/>
</testsuite> <!-- com.TestNGAnnotaions.Annotations1 -->
