<?xml version="1.0" encoding="UTF-8"?>
<!-- Generated by org.testng.reporters.JUnitReportReporter -->
<testsuite hostname="DESKTOP-TM69N9T" name="com.DataDriven.NewUserRegistration_ExcelTestData" tests="2" failures="0" timestamp="17 Feb 2018 01:04:40 GMT" time="28.861" errors="0">
  <testcase name="NewUserRegistration" time="17.320" classname="com.DataDriven.NewUserRegistration_ExcelTestData"/>
  <testcase name="Register" time="11.541" classname="com.DataDriven.NewUserRegistration_ExcelTestData"/>
</testsuite> <!-- com.DataDriven.NewUserRegistration_ExcelTestData -->
