<?xml version="1.0" encoding="UTF-8"?>
<!-- Generated by org.testng.reporters.JUnitReportReporter -->
<testsuite hostname="DESKTOP-TM69N9T" name="com.TestNGAnnotaions.Annotations2" tests="2" failures="0" timestamp="9 Feb 2018 01:11:53 GMT" time="0.007" errors="0">
  <testcase name="ComposeMail" time="0.001" classname="com.TestNGAnnotaions.Annotations2"/>
  <testcase name="InBox" time="0.006" classname="com.TestNGAnnotaions.Annotations2"/>
</testsuite> <!-- com.TestNGAnnotaions.Annotations2 -->
