<?xml version="1.0" encoding="UTF-8"?>
<!-- Generated by org.testng.reporters.JUnitReportReporter -->
<testsuite hostname="DESKTOP-TM69N9T" name="com.POM.NewToursHomePageTesting" tests="1" failures="0" timestamp="17 Feb 2018 01:04:40 GMT" time="49.806" errors="0">
  <testcase name="HomePageTesting" time="49.806" classname="com.POM.NewToursHomePageTesting"/>
</testsuite> <!-- com.POM.NewToursHomePageTesting -->
