<?xml version="1.0" encoding="UTF-8"?>
<!-- Generated by org.testng.reporters.JUnitReportReporter -->
<testsuite hostname="DESKTOP-TM69N9T" name="com.DataDriven.NewToursNewUserRegistration" tests="2" failures="0" timestamp="12 Feb 2018 01:10:26 GMT" time="15.226" errors="0">
  <testcase name="Register" time="10.311" classname="com.DataDriven.NewToursNewUserRegistration"/>
  <testcase name="NewUserRegistration" time="4.915" classname="com.DataDriven.NewToursNewUserRegistration"/>
</testsuite> <!-- com.DataDriven.NewToursNewUserRegistration -->
