<?xml version="1.0" encoding="UTF-8"?>
<!-- Generated by org.testng.reporters.JUnitReportReporter -->
<testsuite hostname="DESKTOP-TM69N9T" name="com.KeyWord.NewToursLogInTest" tests="1" failures="0" timestamp="17 Feb 2018 01:04:40 GMT" time="5.960" errors="0">
  <testcase name="LogIn" time="5.960" classname="com.KeyWord.NewToursLogInTest"/>
</testsuite> <!-- com.KeyWord.NewToursLogInTest -->
