<?xml version="1.0" encoding="UTF-8"?>
<!-- Generated by org.testng.reporters.JUnitReportReporter -->
<testsuite hostname="DESKTOP-TM69N9T" name="com.TestNGAnnotaions.Annotations3" tests="2" failures="0" timestamp="9 Feb 2018 01:15:04 GMT" time="0.020" errors="0">
  <testcase name="ComposeMail" time="0.013" classname="com.TestNGAnnotaions.Annotations3"/>
  <testcase name="InBox" time="0.007" classname="com.TestNGAnnotaions.Annotations3"/>
</testsuite> <!-- com.TestNGAnnotaions.Annotations3 -->
